Making search request: https://www.yelp.com/search?find_desc=Restaurants&find_loc=Brooklyn%2C+NY+11219
Parsing JSON for restaurant data.
photoPagePath: /biz_photos/mama-rao-cucina-italiana-brooklyn
Making request to: https://www.yelp.com/biz_photos/mama-rao-cucina-italiana-brooklyn?tab=food
photoPagePath: /biz_photos/brooklyn-roots-nyc-brooklyn
Making request to: https://www.yelp.com/biz_photos/brooklyn-roots-nyc-brooklyn?tab=food
photoPagePath: /biz_photos/tw-noodle-house-brooklyn
Making request to: https://www.yelp.com/biz_photos/tw-noodle-house-brooklyn?tab=food
photoPagePath: /biz_photos/nefista-vegan-kofteh-brooklyn
Making request to: https://www.yelp.com/biz_photos/nefista-vegan-kofteh-brooklyn?tab=food
photoPagePath: /biz_photos/pad-thai-kitchen-brooklyn
Making request to: https://www.yelp.com/biz_photos/pad-thai-kitchen-brooklyn?tab=food
photoPagePath: /biz_photos/laojie-hotpot-brooklyn-4
Making request to: https://www.yelp.com/biz_photos/laojie-hotpot-brooklyn-4?tab=food
photoPagePath: /biz_photos/l-wren-brooklyn-3
Making request to: https://www.yelp.com/biz_photos/l-wren-brooklyn-3?tab=food
photoPagePath: /biz_photos/ipoh-kitchen-asian-cuisine-brooklyn-3
Making request to: https://www.yelp.com/biz_photos/ipoh-kitchen-asian-cuisine-brooklyn-3?tab=food
photoPagePath: /biz_photos/meze-brooklyn-2
Making request to: https://www.yelp.com/biz_photos/meze-brooklyn-2?tab=food
photoPagePath: /biz_photos/chuan-yue-brooklyn-5
Making request to: https://www.yelp.com/biz_photos/chuan-yue-brooklyn-5?tab=food
photoPagePath: /biz_photos/komorebi-full-house-brooklyn
Making request to: https://www.yelp.com/biz_photos/komorebi-full-house-brooklyn?tab=food
images.length: 7
images.length: 5
images.length: 23
images.length: 30
images.length: 30
images.length: 7
images.length: 30
images.length: 30
images.length: 30
images.length: 30
images.length: 30
restaurant.getName(): Mama Rao Cucina Italiana
restaurant.getPhotos(): [
  'https://s3-media0.fl.yelpcdn.com/bphoto/TJm2xt1dOdfAjgMVSYsMzA/258s.jpg',
  'https://s3-media0.fl.yelpcdn.com/bphoto/HZ2j4EtFMeW9gpJ1v-JmLQ/258s.jpg',
  'https://s3-media0.fl.yelpcdn.com/bphoto/DnVRBKK0pFi_QqNgMQKkZw/258s.jpg',
  'https://s3-media0.fl.yelpcdn.com/bphoto/cAlTcKbr-Zt1JSioBovn4Q/258s.jpg',
  'https://s3-media0.fl.yelpcdn.com/bphoto/yrAZw5QjgJDvC8vs0uvr8Q/258s.jpg',
  'https://s3-media0.fl.yelpcdn.com/bphoto/XceohxA8ywrPfl5vGdXsDw/258s.jpg',
  'https://s3-media0.fl.yelpcdn.com/bphoto/1tKM7sUAJbJcSwynHfanIw/258s.jpg',
  'https://s3-media0.fl.yelpcdn.com/bphoto/FfjHb6uBFu96yNpFlZR68w/258s.jpg',
  'https://s3-media0.fl.yelpcdn.com/bphoto/RuKiOY83fPKNPVps75nz1g/258s.jpg',
  'https://s3-media0.fl.yelpcdn.com/bphoto/-Z7x1pZmUBqhwliFNOy-Hw/258s.jpg',
  'https://s3-media0.fl.yelpcdn.com/bphoto/1l6f4-Ze7rel8if-kCbTcg/258s.jpg',
  'https://s3-media0.fl.yelpcdn.com/bphoto/eMkJyWTDary7FOO_46uOog/258s.jpg',
  'https://s3-media0.fl.yelpcdn.com/bphoto/bHjxEhP-ldsl9TeksM3uqw/258s.jpg',
  'https://s3-media0.fl.yelpcdn.com/bphoto/QPIoGwvgLb3rm978cCoVcQ/258s.jpg',
  'https://s3-media0.fl.yelpcdn.com/bphoto/CoJOBidr8HgRMn_nWG0RAw/258s.jpg',
  'https://s3-media0.fl.yelpcdn.com/bphoto/BgjojKHbOfUa1vmgb1VKWQ/258s.jpg',
  'https://s3-media0.fl.yelpcdn.com/bphoto/X8XL1QXsh0of-6YHWB-feQ/258s.jpg',
  'https://s3-media0.fl.yelpcdn.com/bphoto/jtxpmxvWfHx-GQ0LpqqOYQ/258s.jpg',
  'https://s3-media0.fl.yelpcdn.com/bphoto/lu9Mwnn3F_IltPyrRyGfpw/258s.jpg',
  'https://s3-media0.fl.yelpcdn.com/bphoto/LPxoxHRtcgct22nL1TDoMQ/258s.jpg',
  'https://s3-media0.fl.yelpcdn.com/bphoto/5In1h_9EKzE3dQIiq3SWiw/258s.jpg',
  'https://s3-media0.fl.yelpcdn.com/bphoto/m8OXWDh5yc-_pYMmpxJ_NA/258s.jpg',
  'https://s3-media0.fl.yelpcdn.com/bphoto/RwPkha4mgJ12cH_2J4x7HA/258s.jpg',
  'https://s3-media0.fl.yelpcdn.com/bphoto/YSy-D8CIablIyFv4Er1erA/258s.jpg',
  'https://s3-media0.fl.yelpcdn.com/bphoto/rDuMQF_o7R8blwcmuJEXrg/258s.jpg',
  'https://s3-media0.fl.yelpcdn.com/bphoto/hPsY8xiznWbiSF4BXl8UdQ/258s.jpg',
  'https://s3-media0.fl.yelpcdn.com/bphoto/KUyyxWK53gcdcgabiakZmA/258s.jpg',
  'https://s3-media0.fl.yelpcdn.com/bphoto/jqgPTvhSHs21HgTvHONYtQ/258s.jpg',
  'https://s3-media0.fl.yelpcdn.com/bphoto/jGII1onGR2akQVSOvD_mdA/258s.jpg',
  'https://s3-media0.fl.yelpcdn.com/bphoto/SiJxWdx64I2yC1YicpYGKA/258s.jpg'
]
restaurant.getName(): Brooklyn Roots NYC
restaurant.getPhotos(): [
  'https://s3-media0.fl.yelpcdn.com/bphoto/dR6VwglZHy1Z7jN4GZTe_A/258s.jpg',
  'https://s3-media0.fl.yelpcdn.com/bphoto/-NC2KUifYUD6iB_ybiu_xg/258s.jpg',
  'https://s3-media0.fl.yelpcdn.com/bphoto/6sm99uKV_4T43U4JKnuPtQ/258s.jpg',
  'https://s3-media0.fl.yelpcdn.com/bphoto/epg2Dt_uycBxovGrPa3OAw/258s.jpg',
  'https://s3-media0.fl.yelpcdn.com/bphoto/0-H51IlqxULNVvxZpa_fEw/258s.jpg',
  'https://s3-media0.fl.yelpcdn.com/bphoto/mf32zW2bTyTpYMwk1iN0sQ/258s.jpg',
  'https://s3-media0.fl.yelpcdn.com/bphoto/1ppRnSJ07J_8IuSUPlb0iQ/258s.jpg',
  'https://s3-media0.fl.yelpcdn.com/bphoto/5K3luAQIQh7vnP7xAXQK0Q/258s.jpg',
  'https://s3-media0.fl.yelpcdn.com/bphoto/bsQHL_DaLpj-RpYZSdfM_w/258s.jpg',
  'https://s3-media0.fl.yelpcdn.com/bphoto/BK8LW871kXK8p4eIGhNRpg/258s.jpg',
  'https://s3-media0.fl.yelpcdn.com/bphoto/K_fuuExPVnnvsdhEZKH52g/258s.jpg',
  'https://s3-media0.fl.yelpcdn.com/bphoto/7c5tvOy9T76J7_r5eJbqhQ/258s.jpg',
  'https://s3-media0.fl.yelpcdn.com/bphoto/HCXB1NkXm-GbW7iI9sa0tw/258s.jpg',
  'https://s3-media0.fl.yelpcdn.com/bphoto/I2eFSR3HrFgE0ClVuGVQ7g/258s.jpg',
  'https://s3-media0.fl.yelpcdn.com/bphoto/w7rRDaoqqa4Qyt1E3wwwMw/258s.jpg',
  'https://s3-media0.fl.yelpcdn.com/bphoto/aDxPul-lHi4cEY2Olnrs0g/258s.jpg',
  'https://s3-media0.fl.yelpcdn.com/bphoto/N4FHEzNuc0xKrnf3z8wgkA/258s.jpg',
  'https://s3-media0.fl.yelpcdn.com/bphoto/Hl-rjBMf_yGtRTMYSuJQ4A/258s.jpg',
  'https://s3-media0.fl.yelpcdn.com/bphoto/f_Nw-udtW5nVKnqe7ErEAw/258s.jpg',
  'https://s3-media0.fl.yelpcdn.com/bphoto/2DYK2Doh6Ujh3UHqj9JaJg/258s.jpg',
  'https://s3-media0.fl.yelpcdn.com/bphoto/beZKeORqBmaUJLz-m9kbIA/258s.jpg',
  'https://s3-media0.fl.yelpcdn.com/bphoto/WXteYBzqJ6MDUXd1xBgn2Q/258s.jpg',
  'https://s3-media0.fl.yelpcdn.com/bphoto/ODcKZK-gt8I-s7w0ksbwnw/258s.jpg',
  'https://s3-media0.fl.yelpcdn.com/bphoto/dsTHEiJGhz-_FQbxvdFVQw/258s.jpg',
  'https://s3-media0.fl.yelpcdn.com/bphoto/h8kq4N8jwxUjzvVprXDP8w/258s.jpg',
  'https://s3-media0.fl.yelpcdn.com/bphoto/MeOLnrS9XPQr2mWvkD7Rpw/258s.jpg',
  'https://s3-media0.fl.yelpcdn.com/bphoto/G8Mv-SHbNKLMzIabt2QUyQ/258s.jpg',
  'https://s3-media0.fl.yelpcdn.com/bphoto/A5tRPLYz2lTPgwVMm9Og0g/258s.jpg',
  'https://s3-media0.fl.yelpcdn.com/bphoto/YY4HEYtpWnKdyeuhb4xghA/258s.jpg',
  'https://s3-media0.fl.yelpcdn.com/bphoto/neZJUs8IEkyfo4eJldQADA/258s.jpg'
]
restaurant.getName(): TW Noodle House
restaurant.getPhotos(): [
  'https://s3-media0.fl.yelpcdn.com/bphoto/ixfzvguWNFCmDPJdiy3G3A/258s.jpg',
  'https://s3-media0.fl.yelpcdn.com/bphoto/Y0n-Nz_2Jv_gRHEtOsiLEg/258s.jpg',
  'https://s3-media0.fl.yelpcdn.com/bphoto/8tE0OHD8X_GqJHvjXQvqIA/258s.jpg',
  'https://s3-media0.fl.yelpcdn.com/bphoto/XoAwEYTYV0rr9XAb8d-cUw/258s.jpg',
  'https://s3-media0.fl.yelpcdn.com/bphoto/S4ucQyL5kMwr5V2Y_Q2nig/258s.jpg'
]
restaurant.getName(): Nefista Vegan Kofteh
restaurant.getPhotos(): [
  'https://s3-media0.fl.yelpcdn.com/bphoto/SmUXkwlRZYz4kxwL1Bxvjg/258s.jpg',
  'https://s3-media0.fl.yelpcdn.com/bphoto/n2HqHEoFKH57S3A71J-lUw/258s.jpg',
  'https://s3-media0.fl.yelpcdn.com/bphoto/dN1C0Zj_sjVC2coo8rI6uw/258s.jpg',
  'https://s3-media0.fl.yelpcdn.com/bphoto/JX7AFivZ4TGiRaYRMuTacQ/258s.jpg',
  'https://s3-media0.fl.yelpcdn.com/bphoto/TVGG1CNC2xqWBCdF7_GBZg/258s.jpg',
  'https://s3-media0.fl.yelpcdn.com/bphoto/BMjOIOxcMF4rPStpWCZK5A/258s.jpg',
  'https://s3-media0.fl.yelpcdn.com/bphoto/bxWJJTogXa-MO5LwuPmLbw/258s.jpg'
]
restaurant.getName(): Pad Thai Kitchen
restaurant.getPhotos(): [
  'https://s3-media0.fl.yelpcdn.com/bphoto/F3P4hfb35FG8juo3uszvPg/258s.jpg',
  'https://s3-media0.fl.yelpcdn.com/bphoto/e37cfL8KY8Zf1u9b0POScQ/258s.jpg',
  'https://s3-media0.fl.yelpcdn.com/bphoto/LmMBX8BORXRK5285BoaGqA/258s.jpg',
  'https://s3-media0.fl.yelpcdn.com/bphoto/hH5guB0YXiF1gkpCOpl68w/258s.jpg',
  'https://s3-media0.fl.yelpcdn.com/bphoto/bi6C8mlKPYhzKZp13ba95w/258s.jpg',
  'https://s3-media0.fl.yelpcdn.com/bphoto/daPXYAnswWfNocs91B9F0Q/258s.jpg',
  'https://s3-media0.fl.yelpcdn.com/bphoto/y4xg9IY4o2mVQUpffnsndg/258s.jpg',
  'https://s3-media0.fl.yelpcdn.com/bphoto/4PEzFZHJZNjqWhepzrKcIw/258s.jpg',
  'https://s3-media0.fl.yelpcdn.com/bphoto/TSO-7_RtAigF32dIKgb7OQ/258s.jpg',
  'https://s3-media0.fl.yelpcdn.com/bphoto/Ae8bQvd-OrZRl_UcZeVc8Q/258s.jpg',
  'https://s3-media0.fl.yelpcdn.com/bphoto/I8j483_ijLTsgpcAeI--jQ/258s.jpg',
  'https://s3-media0.fl.yelpcdn.com/bphoto/9-jPEQEGZJx5xIBfdkYbZA/258s.jpg',
  'https://s3-media0.fl.yelpcdn.com/bphoto/W0Cn6swFje1RBo-gzP-z8g/258s.jpg',
  'https://s3-media0.fl.yelpcdn.com/bphoto/mpUoOrGXT-UjOAN2j9Jy0Q/258s.jpg',
  'https://s3-media0.fl.yelpcdn.com/bphoto/lIHADdVnlKbAYndUrj3a3w/258s.jpg',
  'https://s3-media0.fl.yelpcdn.com/bphoto/HQGX1r_0mZE2T4JeJ-pSPQ/258s.jpg',
  'https://s3-media0.fl.yelpcdn.com/bphoto/hKXTxKP1pQ7SMmjaxGYHnQ/258s.jpg',
  'https://s3-media0.fl.yelpcdn.com/bphoto/MRxUUFPZXwcgd6yslcoUuA/258s.jpg',
  'https://s3-media0.fl.yelpcdn.com/bphoto/ZgyxrEaM3rJI5EtKWA1sww/258s.jpg',
  'https://s3-media0.fl.yelpcdn.com/bphoto/d90KzBwoOu7Z8dSR7i1hqg/258s.jpg',
  'https://s3-media0.fl.yelpcdn.com/bphoto/1QHosBlcilJXlo2-VCwRJA/258s.jpg',
  'https://s3-media0.fl.yelpcdn.com/bphoto/J6gR1on_1ukf4Eweb22rnA/258s.jpg',
  'https://s3-media0.fl.yelpcdn.com/bphoto/gCGra00BK4X_CQtHqXnIiw/258s.jpg'
]
restaurant.getName(): Laojie Hotpot
restaurant.getPhotos(): [
  'https://s3-media0.fl.yelpcdn.com/bphoto/gMwijsZngve2j1og_0Pwdw/258s.jpg',
  'https://s3-media0.fl.yelpcdn.com/bphoto/z5tPBHmqIyQ0fh6_wIukpQ/258s.jpg',
  'https://s3-media0.fl.yelpcdn.com/bphoto/VHdA1creqcn10VDak6wM3A/258s.jpg',
  'https://s3-media0.fl.yelpcdn.com/bphoto/RrcLc3z-AjrEHH4FicE5zA/258s.jpg',
  'https://s3-media0.fl.yelpcdn.com/bphoto/hwPM8ITzYsz_3iDHYNAURQ/258s.jpg',
  'https://s3-media0.fl.yelpcdn.com/bphoto/4PxIyeha6I7LjoKyyPAbOg/258s.jpg',
  'https://s3-media0.fl.yelpcdn.com/bphoto/crADQNvkzLdj34j4TaYPSg/258s.jpg',
  'https://s3-media0.fl.yelpcdn.com/bphoto/sCVaNFONmH7ATsdKxGe44g/258s.jpg',
  'https://s3-media0.fl.yelpcdn.com/bphoto/hHtkUXiFmCL3YHNy0eO7Hg/258s.jpg',
  'https://s3-media0.fl.yelpcdn.com/bphoto/2mABditPmcwfvnDJjRx7vw/258s.jpg',
  'https://s3-media0.fl.yelpcdn.com/bphoto/XmAFjUbaBKKumTrt64M8nA/258s.jpg',
  'https://s3-media0.fl.yelpcdn.com/bphoto/_y0ENXSimInXrmzHty6t4Q/258s.jpg',
  'https://s3-media0.fl.yelpcdn.com/bphoto/TPs3vEtBAMW-lpDxavL1gQ/258s.jpg',
  'https://s3-media0.fl.yelpcdn.com/bphoto/3jVSVciJBg2TfYPoUIofxQ/258s.jpg',
  'https://s3-media0.fl.yelpcdn.com/bphoto/DQjacuI-XztWh9ExmssN_w/258s.jpg',
  'https://s3-media0.fl.yelpcdn.com/bphoto/W3grvOwOAjR6uqpFrB2qYA/258s.jpg',
  'https://s3-media0.fl.yelpcdn.com/bphoto/MCRZZTuGICH_IeczTKqJ6Q/258s.jpg',
  'https://s3-media0.fl.yelpcdn.com/bphoto/lfDzfQ09MGqycp75jqFAXw/258s.jpg',
  'https://s3-media0.fl.yelpcdn.com/bphoto/tjqZSTN5qrducNUROeE8qg/258s.jpg',
  'https://s3-media0.fl.yelpcdn.com/bphoto/lPf9-hU4y6WnVoGlNxBTBw/258s.jpg',
  'https://s3-media0.fl.yelpcdn.com/bphoto/mOyVauSWJz4pa5fF4XndrQ/258s.jpg',
  'https://s3-media0.fl.yelpcdn.com/bphoto/GHeQdod59Teyat49vXOTOQ/258s.jpg',
  'https://s3-media0.fl.yelpcdn.com/bphoto/rYlUfdNgFuN9qq8CJ_rydw/258s.jpg',
  'https://s3-media0.fl.yelpcdn.com/bphoto/jNLMIdQzdDbqOPYaiixxDQ/258s.jpg',
  'https://s3-media0.fl.yelpcdn.com/bphoto/xQC8ZSAtIgB6OTZAYLOBFw/258s.jpg',
  'https://s3-media0.fl.yelpcdn.com/bphoto/DqZRLbMswrw4F2QRn0-TPQ/258s.jpg',
  'https://s3-media0.fl.yelpcdn.com/bphoto/s_VmlN-mRm2Rv2kSPc2fDw/258s.jpg',
  'https://s3-media0.fl.yelpcdn.com/bphoto/LwkOPp9gnPAM86BgOSjQRQ/258s.jpg',
  'https://s3-media0.fl.yelpcdn.com/bphoto/6AFUfIafrP3SRI4NY5TFxQ/258s.jpg',
  'https://s3-media0.fl.yelpcdn.com/bphoto/LgT8blicDEANg3Sl-z_Z2g/258s.jpg'
]
restaurant.getName(): L’Wren
restaurant.getPhotos(): [
  'https://s3-media0.fl.yelpcdn.com/bphoto/OXeeydPQk7yuNOX__Y3BXQ/258s.jpg',
  'https://s3-media0.fl.yelpcdn.com/bphoto/iCzX1pYj1N07YFp_opbuIw/258s.jpg',
  'https://s3-media0.fl.yelpcdn.com/bphoto/TvF_ublEnaSchto_RQhf1Q/258s.jpg',
  'https://s3-media0.fl.yelpcdn.com/bphoto/B-U_cVHBuYhjh53PU1QQ2g/258s.jpg',
  'https://s3-media0.fl.yelpcdn.com/bphoto/vmxTW-sxvQ4UB9BoRYdU1A/258s.jpg',
  'https://s3-media0.fl.yelpcdn.com/bphoto/acLUXElMkdO6CwDhATGtmw/258s.jpg',
  'https://s3-media0.fl.yelpcdn.com/bphoto/SvgWcwB3hWPiRL5b6mpsBA/258s.jpg'
]
restaurant.getName(): Ipoh kitchen Asian cuisine
restaurant.getPhotos(): [
  'https://s3-media0.fl.yelpcdn.com/bphoto/cT4AzW_l4igwVuPvCkLxzA/258s.jpg',
  'https://s3-media0.fl.yelpcdn.com/bphoto/sH6cfZcvcomrcIaYq0aEBg/258s.jpg',
  'https://s3-media0.fl.yelpcdn.com/bphoto/JNCiaJHljA8nUJ5uTWe5Cw/258s.jpg',
  'https://s3-media0.fl.yelpcdn.com/bphoto/WLatApjVP5nsMiZ2UQjEiA/258s.jpg',
  'https://s3-media0.fl.yelpcdn.com/bphoto/UfAWda-GFWIe2WHgmt5xBQ/258s.jpg',
  'https://s3-media0.fl.yelpcdn.com/bphoto/-PLd8-uhF5mz98F5qkH_7w/258s.jpg',
  'https://s3-media0.fl.yelpcdn.com/bphoto/le1Cy3pdjBXpPfMXRUd6Mw/258s.jpg',
  'https://s3-media0.fl.yelpcdn.com/bphoto/AcHaw4hx_L1Rp3K9cny4MA/258s.jpg',
  'https://s3-media0.fl.yelpcdn.com/bphoto/l1Vy35bZsI7Jd71R-Jl92g/258s.jpg',
  'https://s3-media0.fl.yelpcdn.com/bphoto/pyPpNURB4KEYEoy6acjIvw/258s.jpg',
  'https://s3-media0.fl.yelpcdn.com/bphoto/rDVdrdhgPtzJAXwcOuwe3A/258s.jpg',
  'https://s3-media0.fl.yelpcdn.com/bphoto/06FNVjV3Pb6PXe3n0TpC7w/258s.jpg',
  'https://s3-media0.fl.yelpcdn.com/bphoto/xXdNV-sVLHEq3OvXV2EN5A/258s.jpg',
  'https://s3-media0.fl.yelpcdn.com/bphoto/wIwWC1AhxjE3HA_tQmWBug/258s.jpg',
  'https://s3-media0.fl.yelpcdn.com/bphoto/R93PCD8hb095gWCB9IOqyA/258s.jpg',
  'https://s3-media0.fl.yelpcdn.com/bphoto/XLMbx6VtcJwsszLa5jilUg/258s.jpg',
  'https://s3-media0.fl.yelpcdn.com/bphoto/p5y2eiB_TJvPA_gON3VToA/258s.jpg',
  'https://s3-media0.fl.yelpcdn.com/bphoto/ea8S9I0E749OEJo6pza-_Q/258s.jpg',
  'https://s3-media0.fl.yelpcdn.com/bphoto/4eEcr7-gXQoiauoSc_tePA/258s.jpg',
  'https://s3-media0.fl.yelpcdn.com/bphoto/EFTZWNpdP9elLkoGSP7XLA/258s.jpg',
  'https://s3-media0.fl.yelpcdn.com/bphoto/5QI2t_fmSw52rGNUoaFgfA/258s.jpg',
  'https://s3-media0.fl.yelpcdn.com/bphoto/Txh7D7o23A2BHcv2j6XqJQ/258s.jpg',
  'https://s3-media0.fl.yelpcdn.com/bphoto/BNg_WKkFgvoYsSHhLJd3CQ/258s.jpg',
  'https://s3-media0.fl.yelpcdn.com/bphoto/9jD2bwMLpmunyNDR6BneyA/258s.jpg',
  'https://s3-media0.fl.yelpcdn.com/bphoto/tKEv8ygq-Z5R-is2WGgmlQ/258s.jpg',
  'https://s3-media0.fl.yelpcdn.com/bphoto/8zsIziI0D7bJb6Pisn8r7A/258s.jpg',
  'https://s3-media0.fl.yelpcdn.com/bphoto/1O-AEd6Y9EO_iPyQIgARaQ/258s.jpg',
  'https://s3-media0.fl.yelpcdn.com/bphoto/ATki-rngBtJaPIwgyx9oTQ/258s.jpg',
  'https://s3-media0.fl.yelpcdn.com/bphoto/HLhfvIZzgsNZaCPghQM_SA/258s.jpg',
  'https://s3-media0.fl.yelpcdn.com/bphoto/eRqLRRUl1EgbwWAjIeC2rA/258s.jpg'
]
restaurant.getName(): Meze
restaurant.getPhotos(): [
  'https://s3-media0.fl.yelpcdn.com/bphoto/hMMRf544GMPSZ9oUJdqhjA/258s.jpg',
  'https://s3-media0.fl.yelpcdn.com/bphoto/Tj7jMkVcRTljFRwxPdM6Uw/258s.jpg',
  'https://s3-media0.fl.yelpcdn.com/bphoto/sPRFdlyws7WGV5ke0SY0rA/258s.jpg',
  'https://s3-media0.fl.yelpcdn.com/bphoto/Lu24RNNGYruG-mNbZ8EbzA/258s.jpg',
  'https://s3-media0.fl.yelpcdn.com/bphoto/3aQ2p_9s28KZ3E0K8aeTLg/258s.jpg',
  'https://s3-media0.fl.yelpcdn.com/bphoto/tbnAbrE8nAQwrcefID4xKA/258s.jpg',
  'https://s3-media0.fl.yelpcdn.com/bphoto/kFGofOgH08DYdJSgr87SlA/258s.jpg',
  'https://s3-media0.fl.yelpcdn.com/bphoto/3IGyNnYSIXjy2jEdl97jHQ/258s.jpg',
  'https://s3-media0.fl.yelpcdn.com/bphoto/ChJ_KyGWty_4dFkPLktJNw/258s.jpg',
  'https://s3-media0.fl.yelpcdn.com/bphoto/8GbXqgpdDsglru_aV04IZw/258s.jpg',
  'https://s3-media0.fl.yelpcdn.com/bphoto/onYH4ikEzAI2J-529AlkMg/258s.jpg',
  'https://s3-media0.fl.yelpcdn.com/bphoto/NuZ9rdpBHn9euHriHw54bw/258s.jpg',
  'https://s3-media0.fl.yelpcdn.com/bphoto/B_U97owR9xT6o1qxDSMD_g/258s.jpg',
  'https://s3-media0.fl.yelpcdn.com/bphoto/TJQ2dMSJfwFiDXrnFhCnWQ/258s.jpg',
  'https://s3-media0.fl.yelpcdn.com/bphoto/ThyK_SD5kULnwfEkZ5VCkQ/258s.jpg',
  'https://s3-media0.fl.yelpcdn.com/bphoto/POV8uCSJSYpvHkLJjlUKwA/258s.jpg',
  'https://s3-media0.fl.yelpcdn.com/bphoto/JnTu-dVRXmKRzoGuBINZNw/258s.jpg',
  'https://s3-media0.fl.yelpcdn.com/bphoto/Q9BEHlwNkps-bctFZDNGWw/258s.jpg',
  'https://s3-media0.fl.yelpcdn.com/bphoto/muc_jY_X9yvG_WkmU9JIgg/258s.jpg',
  'https://s3-media0.fl.yelpcdn.com/bphoto/mLqmrsPL67SbvvJF53QCJQ/258s.jpg',
  'https://s3-media0.fl.yelpcdn.com/bphoto/idKL5oIUnpRo25bkW5HtgA/258s.jpg',
  'https://s3-media0.fl.yelpcdn.com/bphoto/sdsy9CL_DePL_bvxnRG9ng/258s.jpg',
  'https://s3-media0.fl.yelpcdn.com/bphoto/_4IKlnPTrdLDnlDHTr2ErQ/258s.jpg',
  'https://s3-media0.fl.yelpcdn.com/bphoto/0jSTONqbyKGFA72FxfzS8w/258s.jpg',
  'https://s3-media0.fl.yelpcdn.com/bphoto/rFYw6w-X8CiTF-7wE1AFgQ/258s.jpg',
  'https://s3-media0.fl.yelpcdn.com/bphoto/SzIpEc-5pbN70NgI317Drw/258s.jpg',
  'https://s3-media0.fl.yelpcdn.com/bphoto/_5q77N_AmA_FGw4pXzKBWA/258s.jpg',
  'https://s3-media0.fl.yelpcdn.com/bphoto/kN9FSj1tBOV_dvwwTZm8Iw/258s.jpg',
  'https://s3-media0.fl.yelpcdn.com/bphoto/zL1RM2cqs-rJQ2XpumnbWw/258s.jpg',
  'https://s3-media0.fl.yelpcdn.com/bphoto/jKHlGYi63EIarnep6NlIHg/258s.jpg'
]
restaurant.getName(): Chuan Yue
restaurant.getPhotos(): [
  'https://s3-media0.fl.yelpcdn.com/bphoto/MOKOWbMGS--ZFIl16uS7cA/258s.jpg',
  'https://s3-media0.fl.yelpcdn.com/bphoto/TdxD1IUqlNLiSjch-81H3g/258s.jpg',
  'https://s3-media0.fl.yelpcdn.com/bphoto/2DTnKLHV4UYl1F50IGhGpg/258s.jpg',
  'https://s3-media0.fl.yelpcdn.com/bphoto/aD-F6PsDhcsMFgxBKmLxgA/258s.jpg',
  'https://s3-media0.fl.yelpcdn.com/bphoto/XL5x5F-7NYl49RcMqyhCNw/258s.jpg',
  'https://s3-media0.fl.yelpcdn.com/bphoto/D-Xlmo_dbrIpNPtZE4Qh0Q/258s.jpg',
  'https://s3-media0.fl.yelpcdn.com/bphoto/NiEPJr7jj5kPPYCV8Qu2pA/258s.jpg',
  'https://s3-media0.fl.yelpcdn.com/bphoto/ruxBsC-e02VklPv1IQ_P-g/258s.jpg',
  'https://s3-media0.fl.yelpcdn.com/bphoto/rFCcUj0N51xcxDZf2x34Zg/258s.jpg',
  'https://s3-media0.fl.yelpcdn.com/bphoto/RgAr3Sl8AdZm6owIKFGXyQ/258s.jpg',
  'https://s3-media0.fl.yelpcdn.com/bphoto/D563D2p3hVtfGWhkePAlPw/258s.jpg',
  'https://s3-media0.fl.yelpcdn.com/bphoto/5Yp_hv3hxDLWP2Cl4YTqoQ/258s.jpg',
  'https://s3-media0.fl.yelpcdn.com/bphoto/Go_5dTT0cGv24VS4yOuFNQ/258s.jpg',
  'https://s3-media0.fl.yelpcdn.com/bphoto/iOpOV_roEcBFd8twiyeBiQ/258s.jpg',
  'https://s3-media0.fl.yelpcdn.com/bphoto/ID_GnPYmXUAOyqmEZV-JiQ/258s.jpg',
  'https://s3-media0.fl.yelpcdn.com/bphoto/bdBPq2Ft9TEy03DTc8veVw/258s.jpg',
  'https://s3-media0.fl.yelpcdn.com/bphoto/ca_-t5fCY4b0VOabycvz-Q/258s.jpg',
  'https://s3-media0.fl.yelpcdn.com/bphoto/1Wus9NopmJ5ilM1x2RmztA/258s.jpg',
  'https://s3-media0.fl.yelpcdn.com/bphoto/cVInFLLYEfU9fKpamEtLvA/258s.jpg',
  'https://s3-media0.fl.yelpcdn.com/bphoto/mPsINu6QM4Vw1ZTB5hu6yg/258s.jpg',
  'https://s3-media0.fl.yelpcdn.com/bphoto/OsSXO0A5QHePGZRzuzjukg/258s.jpg',
  'https://s3-media0.fl.yelpcdn.com/bphoto/vRopOp7pdxM_i53N3Av7GA/258s.jpg',
  'https://s3-media0.fl.yelpcdn.com/bphoto/_lugHftDHJetE_xZVwYfwg/258s.jpg',
  'https://s3-media0.fl.yelpcdn.com/bphoto/mdGtW1QW_T6LuYOyrWYqKw/258s.jpg',
  'https://s3-media0.fl.yelpcdn.com/bphoto/cHIqlotA1_1Lb7XVGqgaZg/258s.jpg',
  'https://s3-media0.fl.yelpcdn.com/bphoto/X4Alu7OojpcABUhbc7irTw/258s.jpg',
  'https://s3-media0.fl.yelpcdn.com/bphoto/S4NKvRL9n3csOIOsux9Sqw/258s.jpg',
  'https://s3-media0.fl.yelpcdn.com/bphoto/V09EOJ1CVhdVFeELMDomyA/258s.jpg',
  'https://s3-media0.fl.yelpcdn.com/bphoto/UF8zO672yGsbwVSvT677oQ/258s.jpg',
  'https://s3-media0.fl.yelpcdn.com/bphoto/YZ76qQ21RhSlU1QaD6prsw/258s.jpg'
]
restaurant.getName(): Komorebi Full House
restaurant.getPhotos(): [
  'https://s3-media0.fl.yelpcdn.com/bphoto/gow9AoBwtJllLgYfAM8VjQ/258s.jpg',
  'https://s3-media0.fl.yelpcdn.com/bphoto/sEU57VNIB1_ksoE-giWGIQ/258s.jpg',
  'https://s3-media0.fl.yelpcdn.com/bphoto/Bk-m-R3vt5Nzl8mX-ys0Lg/258s.jpg',
  'https://s3-media0.fl.yelpcdn.com/bphoto/TeeyZ3BrCfYZtaCkzfjG2A/258s.jpg',
  'https://s3-media0.fl.yelpcdn.com/bphoto/386REhiQYv75jmxVgxxcAw/258s.jpg',
  'https://s3-media0.fl.yelpcdn.com/bphoto/rgIpJ10PsD-BZ3Qf5kZIjA/258s.jpg',
  'https://s3-media0.fl.yelpcdn.com/bphoto/GsW6xBdbj_88rrkrg_3PGw/258s.jpg',
  'https://s3-media0.fl.yelpcdn.com/bphoto/BS1CQE_Y596pXZOCc9ribw/258s.jpg',
  'https://s3-media0.fl.yelpcdn.com/bphoto/3eA8Pc65JFG-Wtp1xzznig/258s.jpg',
  'https://s3-media0.fl.yelpcdn.com/bphoto/DJW9V6I_6v3TeF1MBGieDw/258s.jpg',
  'https://s3-media0.fl.yelpcdn.com/bphoto/gOob_ANTMd9Yo0koSj5Tcg/258s.jpg',
  'https://s3-media0.fl.yelpcdn.com/bphoto/5J21q4e5ZMASvxeeTBExmg/258s.jpg',
  'https://s3-media0.fl.yelpcdn.com/bphoto/5h4C4iJ3EFuUvE-GJOBJuQ/258s.jpg',
  'https://s3-media0.fl.yelpcdn.com/bphoto/VwiXeVYzyQI_SfmM-jZv5w/258s.jpg',
  'https://s3-media0.fl.yelpcdn.com/bphoto/SXkvnl0XRU81WUMFtQdYBw/258s.jpg',
  'https://s3-media0.fl.yelpcdn.com/bphoto/WfLB39wtH5pIiMNj8RxuRg/258s.jpg',
  'https://s3-media0.fl.yelpcdn.com/bphoto/0LwmR9P6h3iFGjL1HhIHng/258s.jpg',
  'https://s3-media0.fl.yelpcdn.com/bphoto/05ryLrtwphenz2gFJItg1A/258s.jpg',
  'https://s3-media0.fl.yelpcdn.com/bphoto/jKz-e6xo2W2vRjQm9TQq6w/258s.jpg',
  'https://s3-media0.fl.yelpcdn.com/bphoto/2sFb5nqX9ZvuCTEokFhTaw/258s.jpg',
  'https://s3-media0.fl.yelpcdn.com/bphoto/70-5-Px85fmThbJLCNpj-A/258s.jpg',
  'https://s3-media0.fl.yelpcdn.com/bphoto/GzM98HQRBy3g8vVwbYCqag/258s.jpg',
  'https://s3-media0.fl.yelpcdn.com/bphoto/D0_Z6GZJxqoW-kF52U8eng/258s.jpg',
  'https://s3-media0.fl.yelpcdn.com/bphoto/RUdX_DSx8T3Wq5muW3l-zA/258s.jpg',
  'https://s3-media0.fl.yelpcdn.com/bphoto/Fl4-7tg3-5C16f4OPKtjxA/258s.jpg',
  'https://s3-media0.fl.yelpcdn.com/bphoto/9st3jjX3FgjzDdHme9d6Bg/258s.jpg',
  'https://s3-media0.fl.yelpcdn.com/bphoto/ri5ORBT3Bo30dzTQWoi9Qg/258s.jpg',
  'https://s3-media0.fl.yelpcdn.com/bphoto/kqEpG19_HA5915Z5QV9gWA/258s.jpg',
  'https://s3-media0.fl.yelpcdn.com/bphoto/1D2evDpud75txQ0ilbDGYg/258s.jpg',
  'https://s3-media0.fl.yelpcdn.com/bphoto/Bw6pOAdORc0vd6PZCUJ-EQ/258s.jpg'
]
